# Logfile created on 2015-12-25 23:01:57 +0000 by logger.rb/47272
D, [2015-12-25T23:01:57.050874 #44980] DEBUG -- : Generating new OAuth2 headers.
D, [2015-12-25T23:03:56.017381 #44980] DEBUG -- : Generating new OAuth2 headers.
D, [2015-12-25T23:04:16.763307 #44980] DEBUG -- : Generating new OAuth2 headers.
D, [2015-12-25T23:05:38.068030 #44980] DEBUG -- : Generating new OAuth2 headers.
D, [2015-12-25T23:05:39.422223 #44980] DEBUG -- : REQUEST - Method: GET URL: https://api.learningstudio.com/users/38619307 Body:  Headers: {"X-Authorization"=>"Access_Token access_token=c5b8742f-c459-4fc2-91a1-7ee542acb214|da3e64c4-05d1-44d6-bcf7-cac945f2fd6d|38619307|2015-12-25T17%3a05%3a39|cd26e915bc572c3a98a85c35b4c3468e"}
D, [2015-12-25T23:06:05.208368 #45099] DEBUG -- : Generating new OAuth2 headers.
D, [2015-12-25T23:06:06.011926 #45099] DEBUG -- : REQUEST - Method: GET URL: https://api.learningstudio.com/users/38619307 Body:  Headers: {"X-Authorization"=>"Access_Token access_token=c5b8742f-c459-4fc2-91a1-7ee542acb214|da3e64c4-05d1-44d6-bcf7-cac945f2fd6d|38619307|2015-12-25T17%3a06%3a05|1228df524e5d43539a0e80ba5a02b1e1"}
D, [2015-12-25T23:06:36.811835 #45099] DEBUG -- : Generating new OAuth2 headers.
D, [2015-12-25T23:06:37.588737 #45099] DEBUG -- : REQUEST - Method: GET URL: https://api.learningstudio.com/users/38619307 Body:  Headers: {"X-Authorization"=>"Access_Token access_token=c5b8742f-c459-4fc2-91a1-7ee542acb214|da3e64c4-05d1-44d6-bcf7-cac945f2fd6d|38619307|2015-12-25T17%3a06%3a37|2a480e7749f9e1de18db58ea7e6670f7"}
D, [2015-12-25T23:11:05.809616 #45099] DEBUG -- : Generating new OAuth2 headers.
D, [2015-12-25T23:11:07.466964 #45099] DEBUG -- : REQUEST - Method: GET URL: https://api.learningstudio.com/users/38619307 Body: {"X-Authorization"=>"Access_Token access_token=c5b8742f-c459-4fc2-91a1-7ee542acb214|da3e64c4-05d1-44d6-bcf7-cac945f2fd6d|38619307|2015-12-24T14%3a43%3a18|6fcd07901043f0fae17e6ca7d01b8d05"} Headers: {"X-Authorization"=>"Access_Token access_token=c5b8742f-c459-4fc2-91a1-7ee542acb214|da3e64c4-05d1-44d6-bcf7-cac945f2fd6d|38619307|2015-12-25T17%3a11%3a07|8eabf5497967d135cc5f74c50062df5e"}
D, [2015-12-25T23:22:25.085518 #45099] DEBUG -- : Generating new OAuth2 headers.
D, [2015-12-25T23:22:25.878611 #45099] DEBUG -- : REQUEST - Method: GET URL: https://api.learningstudio.com/users/38619307 Body: {"X-Authorization"=>"Access_Token access_token=c5b8742f-c459-4fc2-91a1-7ee542acb214|da3e64c4-05d1-44d6-bcf7-cac945f2fd6d|38619307|2015-12-24T14%3a43%3a18|6fcd07901043f0fae17e6ca7d01b8d05"} Headers: {"X-Authorization"=>"Access_Token access_token=c5b8742f-c459-4fc2-91a1-7ee542acb214|da3e64c4-05d1-44d6-bcf7-cac945f2fd6d|38619307|2015-12-25T17%3a22%3a25|01abd7696b7aa5aa072434d0bddf6d89"}
D, [2015-12-25T23:24:51.136645 #45099] DEBUG -- : Generating new OAuth2 headers.
D, [2015-12-25T23:25:34.296098 #45099] DEBUG -- : Generating new OAuth2 headers.
D, [2015-12-25T23:25:35.150439 #45099] DEBUG -- : REQUEST - Method: GET URL: https://api.learningstudio.com/users/38619307 Body:  Headers: {"X-Authorization"=>"Access_Token access_token=c5b8742f-c459-4fc2-91a1-7ee542acb214|da3e64c4-05d1-44d6-bcf7-cac945f2fd6d|38619307|2015-12-25T17%3a25%3a34|6851177fe4e2a8395fbf22331b7c43a6"}
D, [2015-12-25T23:26:59.489997 #45099] DEBUG -- : Generating new OAuth2 headers.
D, [2015-12-25T23:29:59.784459 #45099] DEBUG -- : Generating new OAuth2 headers.
D, [2015-12-25T23:30:00.676471 #45099] DEBUG -- : REQUEST - Method: POST URL: https://api.learningstudio.com/users/38619307 Body: {"Content-Type"=>"application/x-www-form-urlencoded"} Headers: {"X-Authorization"=>"Access_Token access_token=c5b8742f-c459-4fc2-91a1-7ee542acb214|da3e64c4-05d1-44d6-bcf7-cac945f2fd6d|38619307|2015-12-25T17%3a30%3a00|762d8f26986e2468bfbf453e389d20eb"}
D, [2015-12-25T23:30:29.421835 #45099] DEBUG -- : Generating new OAuth2 headers.
D, [2015-12-25T23:30:30.267910 #45099] DEBUG -- : REQUEST - Method: POST URL: https://api.learningstudio.com/users/38619307 Body: {:"Content-Type"=>"application/x-www-form-urlencoded"} Headers: {"X-Authorization"=>"Access_Token access_token=c5b8742f-c459-4fc2-91a1-7ee542acb214|da3e64c4-05d1-44d6-bcf7-cac945f2fd6d|38619307|2015-12-25T17%3a30%3a29|844b0a8fce388963ef9ee70035ae895e"}
D, [2015-12-25T23:34:53.966910 #45285] DEBUG -- : Generating new OAuth2 headers.
D, [2015-12-25T23:34:55.275159 #45285] DEBUG -- : REQUEST - Method: GET URL: https://api.learningstudio.com/users/38619307 Body:  Headers: {"X-Authorization"=>"Access_Token access_token=c5b8742f-c459-4fc2-91a1-7ee542acb214|da3e64c4-05d1-44d6-bcf7-cac945f2fd6d|38619307|2015-12-25T17%3a34%3a54|0024fff4d6c10ad2df59ab920f50f737"}
D, [2015-12-25T23:37:05.810479 #45285] DEBUG -- : Generating new OAuth2 headers.
D, [2015-12-25T23:37:07.276684 #45285] DEBUG -- : REQUEST - Method: GET URL: https://api.learningstudio.com/users/38619307 Body:  Headers: {"X-Authorization"=>"Access_Token access_token=c5b8742f-c459-4fc2-91a1-7ee542acb214|da3e64c4-05d1-44d6-bcf7-cac945f2fd6d|38619307|2015-12-25T17%3a37%3a07|0db213fe2239f2a7384042d905464511"}
D, [2015-12-25T23:37:14.585995 #45285] DEBUG -- : Generating new OAuth2 headers.
D, [2015-12-25T23:37:15.476459 #45285] DEBUG -- : REQUEST - Method: GET URL: https://api.learningstudio.com/users/38619307 Body:  Headers: {"X-Authorization"=>"Access_Token access_token=c5b8742f-c459-4fc2-91a1-7ee542acb214|da3e64c4-05d1-44d6-bcf7-cac945f2fd6d|38619307|2015-12-25T17%3a37%3a15|34be7d4bb71f7619433611b65c3512de"}
D, [2015-12-25T23:39:05.883841 #45285] DEBUG -- : Generating new OAuth2 headers.
D, [2015-12-25T23:39:06.798337 #45285] DEBUG -- : REQUEST - Method: GET URL: https://api.learningstudio.com/users/38619307 Body:  Headers: {"X-Authorization"=>"Access_Token access_token=c5b8742f-c459-4fc2-91a1-7ee542acb214|da3e64c4-05d1-44d6-bcf7-cac945f2fd6d|38619307|2015-12-25T17%3a39%3a06|065ccb6652284dcda8de904849e78cf3"}
D, [2015-12-25T23:39:17.498889 #45285] DEBUG -- : Generating new OAuth2 headers.
D, [2015-12-25T23:39:18.346029 #45285] DEBUG -- : REQUEST - Method: GET URL: https://api.learningstudio.com/users/38619307 Body:  Headers: {"X-Authorization"=>"Access_Token access_token=c5b8742f-c459-4fc2-91a1-7ee542acb214|da3e64c4-05d1-44d6-bcf7-cac945f2fd6d|38619307|2015-12-25T17%3a39%3a18|71eacc8aea2e511430ab66f885559f88"}
D, [2015-12-25T23:39:50.437029 #45285] DEBUG -- : Generating new OAuth2 headers.
D, [2015-12-25T23:39:51.320122 #45285] DEBUG -- : REQUEST - Method: GET URL: https://api.learningstudio.com/users/38619307 Body:  Headers: {"X-Authorization"=>"Access_Token access_token=c5b8742f-c459-4fc2-91a1-7ee542acb214|da3e64c4-05d1-44d6-bcf7-cac945f2fd6d|38619307|2015-12-25T17%3a39%3a51|62417c6ec8be4b9555b7e2a25d108187"}
D, [2015-12-25T23:40:08.653220 #45285] DEBUG -- : Generating new OAuth2 headers.
D, [2015-12-25T23:40:09.955944 #45285] DEBUG -- : REQUEST - Method: GET URL: https://api.learningstudio.com/users/38619307 Body:  Headers: {"X-Authorization"=>"Access_Token access_token=c5b8742f-c459-4fc2-91a1-7ee542acb214|da3e64c4-05d1-44d6-bcf7-cac945f2fd6d|38619307|2015-12-25T17%3a40%3a09|21139d7e04caca057e0c15eadcb3ef98"}
D, [2015-12-25T23:40:48.740167 #45285] DEBUG -- : Generating new OAuth2 headers.
D, [2015-12-25T23:40:49.585528 #45285] DEBUG -- : REQUEST - Method: GET URL: https://api.learningstudio.com/users/38619307/courses Body:  Headers: {"X-Authorization"=>"Access_Token access_token=c5b8742f-c459-4fc2-91a1-7ee542acb214|da3e64c4-05d1-44d6-bcf7-cac945f2fd6d|38619307|2015-12-25T17%3a40%3a49|fa1e3669c3f6c7f89de737ba8a4522d6"}
D, [2015-12-25T23:41:15.733078 #46058] DEBUG -- : Generating new OAuth2 headers.
D, [2015-12-25T23:41:16.740787 #46058] DEBUG -- : REQUEST - Method: GET URL: https://api.learningstudio.com/users/38619307/courses Body:  Headers: {"X-Authorization"=>"Access_Token access_token=c5b8742f-c459-4fc2-91a1-7ee542acb214|da3e64c4-05d1-44d6-bcf7-cac945f2fd6d|38619307|2015-12-25T17%3a41%3a16|c234bda06f62e996569bfe08dab3c69a"}
D, [2015-12-25T23:42:29.168306 #46130] DEBUG -- : Generating new OAuth2 headers.
D, [2015-12-25T23:42:30.962165 #46130] DEBUG -- : REQUEST - Method: GET URL: https://api.learningstudio.com/users/38619307 Body:  Headers: {"X-Authorization"=>"Access_Token access_token=c5b8742f-c459-4fc2-91a1-7ee542acb214|da3e64c4-05d1-44d6-bcf7-cac945f2fd6d|38619307|2015-12-25T17%3a42%3a30|ed0810aff1b5d0044564c26143d6ee23"}
D, [2015-12-25T23:45:07.000953 #46130] DEBUG -- : Generating new OAuth2 headers.
D, [2015-12-25T23:45:08.047944 #46130] DEBUG -- : REQUEST - Method: GET URL: https://api.learningstudio.com/users/38619307 Body:  Headers: {"X-Authorization"=>"Access_Token access_token=c5b8742f-c459-4fc2-91a1-7ee542acb214|da3e64c4-05d1-44d6-bcf7-cac945f2fd6d|38619307|2015-12-25T17%3a45%3a07|1517b67de1cf3df29d3b958429186e15"}
D, [2015-12-25T23:45:31.302273 #46130] DEBUG -- : Generating new OAuth2 headers.
D, [2015-12-25T23:45:32.209877 #46130] DEBUG -- : REQUEST - Method: GET URL: https://api.learningstudio.com/users/38619307 Body:  Headers: {"X-Authorization"=>"Access_Token access_token=c5b8742f-c459-4fc2-91a1-7ee542acb214|da3e64c4-05d1-44d6-bcf7-cac945f2fd6d|38619307|2015-12-25T17%3a45%3a32|9a41e661b3e69a542e1fee009924eb47"}
D, [2015-12-25T23:45:43.563282 #46130] DEBUG -- : Generating new OAuth2 headers.
D, [2015-12-25T23:45:44.402219 #46130] DEBUG -- : REQUEST - Method: GET URL: https://api.learningstudio.com/users/38619307 Body:  Headers: {"X-Authorization"=>"Access_Token access_token=c5b8742f-c459-4fc2-91a1-7ee542acb214|da3e64c4-05d1-44d6-bcf7-cac945f2fd6d|38619307|2015-12-25T17%3a45%3a44|ae7f85ee6f02845f6da74e4036b5331a"}
D, [2015-12-25T23:46:07.447002 #46130] DEBUG -- : Generating new OAuth2 headers.
D, [2015-12-25T23:46:08.875259 #46130] DEBUG -- : REQUEST - Method: GET URL: https://api.learningstudio.com/users/38619307 Body:  Headers: {"X-Authorization"=>"Access_Token access_token=c5b8742f-c459-4fc2-91a1-7ee542acb214|da3e64c4-05d1-44d6-bcf7-cac945f2fd6d|38619307|2015-12-25T17%3a46%3a08|d4b95ebe513f0f0c52073f1a394ebfd1"}
D, [2015-12-25T23:46:17.879996 #46130] DEBUG -- : Generating new OAuth2 headers.
D, [2015-12-25T23:46:18.702407 #46130] DEBUG -- : REQUEST - Method: GET URL: https://api.learningstudio.com/users/38619307 Body:  Headers: {"X-Authorization"=>"Access_Token access_token=c5b8742f-c459-4fc2-91a1-7ee542acb214|da3e64c4-05d1-44d6-bcf7-cac945f2fd6d|38619307|2015-12-25T17%3a46%3a18|f287f593fea1dcb4127c17f4a14c461a"}
D, [2015-12-25T23:46:32.327485 #46130] DEBUG -- : Generating new OAuth2 headers.
D, [2015-12-25T23:46:33.120358 #46130] DEBUG -- : REQUEST - Method: GET URL: https://api.learningstudio.com/users/38619307 Body:  Headers: {"X-Authorization"=>"Access_Token access_token=c5b8742f-c459-4fc2-91a1-7ee542acb214|da3e64c4-05d1-44d6-bcf7-cac945f2fd6d|38619307|2015-12-25T17%3a46%3a33|50ca8708106d44c4a3d503bf6b3f3e73"}
D, [2015-12-25T23:47:26.288686 #46130] DEBUG -- : Generating new OAuth2 headers.
D, [2015-12-25T23:47:27.413047 #46130] DEBUG -- : REQUEST - Method: GET URL: https://api.learningstudio.com/users/38619307 Body:  Headers: {"X-Authorization"=>"Access_Token access_token=c5b8742f-c459-4fc2-91a1-7ee542acb214|da3e64c4-05d1-44d6-bcf7-cac945f2fd6d|38619307|2015-12-25T17%3a47%3a27|b537cd8788912539135a49c874120b44"}
D, [2015-12-25T23:48:56.558867 #46130] DEBUG -- : Generating new OAuth2 headers.
D, [2015-12-25T23:48:57.427219 #46130] DEBUG -- : REQUEST - Method: GET URL: https://api.learningstudio.com/users/38619307 Body:  Headers: {"X-Authorization"=>"Access_Token access_token=c5b8742f-c459-4fc2-91a1-7ee542acb214|da3e64c4-05d1-44d6-bcf7-cac945f2fd6d|38619307|2015-12-25T17%3a48%3a57|d2bcbc3a7ac23ea906336d870b439cca"}
D, [2015-12-25T23:49:21.377111 #46130] DEBUG -- : Generating new OAuth2 headers.
D, [2015-12-25T23:49:22.200950 #46130] DEBUG -- : REQUEST - Method: GET URL: https://api.learningstudio.com/users/38619307 Body:  Headers: {"X-Authorization"=>"Access_Token access_token=c5b8742f-c459-4fc2-91a1-7ee542acb214|da3e64c4-05d1-44d6-bcf7-cac945f2fd6d|38619307|2015-12-25T17%3a49%3a22|79e2b211ff6a8753626bfe469bbfbeba"}
D, [2015-12-25T23:49:29.663619 #46130] DEBUG -- : Generating new OAuth2 headers.
D, [2015-12-25T23:49:30.495721 #46130] DEBUG -- : REQUEST - Method: GET URL: https://api.learningstudio.com/users/38619307 Body:  Headers: {"X-Authorization"=>"Access_Token access_token=c5b8742f-c459-4fc2-91a1-7ee542acb214|da3e64c4-05d1-44d6-bcf7-cac945f2fd6d|38619307|2015-12-25T17%3a49%3a30|1ce3461a1e169a8eaa5dd0405a2f1c7c"}
D, [2015-12-25T23:50:00.522211 #46246] DEBUG -- : Generating new OAuth2 headers.
D, [2015-12-25T23:50:01.628231 #46246] DEBUG -- : REQUEST - Method: GET URL: https://api.learningstudio.com/users/38619307 Body:  Headers: {"X-Authorization"=>"Access_Token access_token=c5b8742f-c459-4fc2-91a1-7ee542acb214|da3e64c4-05d1-44d6-bcf7-cac945f2fd6d|38619307|2015-12-25T17%3a50%3a01|dbb99fe60cacbc60524d3b061090cbd7"}
D, [2015-12-25T23:50:44.719308 #46315] DEBUG -- : Generating new OAuth2 headers.
D, [2015-12-25T23:50:45.503468 #46315] DEBUG -- : REQUEST - Method: GET URL: https://api.learningstudio.com/users/38619307 Body:  Headers: {"X-Authorization"=>"Access_Token access_token=c5b8742f-c459-4fc2-91a1-7ee542acb214|da3e64c4-05d1-44d6-bcf7-cac945f2fd6d|38619307|2015-12-25T17%3a50%3a45|ef62a513d45b152ad9b24390777cc9f8"}
D, [2015-12-25T23:52:27.332754 #46315] DEBUG -- : Generating new OAuth2 headers.
D, [2015-12-25T23:52:28.368152 #46315] DEBUG -- : REQUEST - Method: GET URL: https://api.learningstudio.com/users/38619307 Body:  Headers: {"X-Authorization"=>"Access_Token access_token=c5b8742f-c459-4fc2-91a1-7ee542acb214|da3e64c4-05d1-44d6-bcf7-cac945f2fd6d|38619307|2015-12-25T17%3a52%3a28|c58acbfc28625e1ef6ea2a5a1da80e12"}
D, [2015-12-25T23:52:37.083612 #46315] DEBUG -- : Generating new OAuth2 headers.
D, [2015-12-25T23:52:37.980142 #46315] DEBUG -- : REQUEST - Method: GET URL: https://api.learningstudio.com/users/38619307 Body:  Headers: {"X-Authorization"=>"Access_Token access_token=c5b8742f-c459-4fc2-91a1-7ee542acb214|da3e64c4-05d1-44d6-bcf7-cac945f2fd6d|38619307|2015-12-25T17%3a52%3a37|670b00cf1f0ec64031e8576d9ced37f9"}
D, [2015-12-25T23:52:55.898350 #46315] DEBUG -- : Generating new OAuth2 headers.
D, [2015-12-25T23:52:56.729755 #46315] DEBUG -- : REQUEST - Method: GET URL: https://api.learningstudio.com/users/38619307 Body:  Headers: {"X-Authorization"=>"Access_Token access_token=c5b8742f-c459-4fc2-91a1-7ee542acb214|da3e64c4-05d1-44d6-bcf7-cac945f2fd6d|38619307|2015-12-25T17%3a52%3a56|8d885bb3823808b656c6cf4c3cfec4e0"}
D, [2015-12-25T23:53:00.280051 #46315] DEBUG -- : Generating new OAuth2 headers.
D, [2015-12-25T23:53:14.229592 #46315] DEBUG -- : Generating new OAuth2 headers.
D, [2015-12-25T23:53:15.063489 #46315] DEBUG -- : REQUEST - Method: GET URL: https://api.learningstudio.com/users/38619307 Body:  Headers: {"X-Authorization"=>"Access_Token access_token=c5b8742f-c459-4fc2-91a1-7ee542acb214|da3e64c4-05d1-44d6-bcf7-cac945f2fd6d|38619307|2015-12-25T17%3a53%3a14|05dada8adacfdbcce3a5f34fd0ef1cc2"}
D, [2015-12-25T23:53:24.969502 #46315] DEBUG -- : Generating new OAuth2 headers.
D, [2015-12-25T23:53:25.812280 #46315] DEBUG -- : REQUEST - Method: GET URL: https://api.learningstudio.com/users/38619307 Body:  Headers: {"X-Authorization"=>"Access_Token access_token=c5b8742f-c459-4fc2-91a1-7ee542acb214|da3e64c4-05d1-44d6-bcf7-cac945f2fd6d|38619307|2015-12-25T17%3a53%3a25|ab4c92f05ce073468b54ec46c3e5ecf3"}
D, [2015-12-25T23:53:30.320240 #46315] DEBUG -- : Generating new OAuth2 headers.
D, [2015-12-25T23:53:31.651162 #46315] DEBUG -- : REQUEST - Method: GET URL: https://api.learningstudio.com/users/38619307 Body:  Headers: {"X-Authorization"=>"Access_Token access_token=c5b8742f-c459-4fc2-91a1-7ee542acb214|da3e64c4-05d1-44d6-bcf7-cac945f2fd6d|38619307|2015-12-25T17%3a53%3a31|6b8eec91d17d120398fd0ee593b6ac6b"}
D, [2015-12-25T23:53:55.061895 #46315] DEBUG -- : Generating new OAuth2 headers.
D, [2015-12-25T23:53:56.193255 #46315] DEBUG -- : REQUEST - Method: GET URL: https://api.learningstudio.com/users/38619307 Body:  Headers: {"X-Authorization"=>"Access_Token access_token=c5b8742f-c459-4fc2-91a1-7ee542acb214|da3e64c4-05d1-44d6-bcf7-cac945f2fd6d|38619307|2015-12-25T17%3a53%3a55|22009d071e0935997878904bf8ff5704"}
D, [2015-12-25T23:54:30.163623 #46315] DEBUG -- : Generating new OAuth2 headers.
D, [2015-12-25T23:54:31.041959 #46315] DEBUG -- : REQUEST - Method: GET URL: https://api.learningstudio.com/users/38619307 Body:  Headers: {"X-Authorization"=>"Access_Token access_token=c5b8742f-c459-4fc2-91a1-7ee542acb214|da3e64c4-05d1-44d6-bcf7-cac945f2fd6d|38619307|2015-12-25T17%3a54%3a30|e79953e10aea13818b2f3198451e0abf"}
D, [2015-12-25T23:54:47.382390 #46315] DEBUG -- : Generating new OAuth2 headers.
D, [2015-12-25T23:54:48.250534 #46315] DEBUG -- : REQUEST - Method: GET URL: https://api.learningstudio.com/users/38619307 Body:  Headers: {"X-Authorization"=>"Access_Token access_token=c5b8742f-c459-4fc2-91a1-7ee542acb214|da3e64c4-05d1-44d6-bcf7-cac945f2fd6d|38619307|2015-12-25T17%3a54%3a48|6e28e5ba3edf3eb46fd151defca2cb6e"}
D, [2015-12-25T23:55:04.694230 #46315] DEBUG -- : Generating new OAuth2 headers.
D, [2015-12-25T23:55:05.552239 #46315] DEBUG -- : REQUEST - Method: GET URL: https://api.learningstudio.com/users/38619307 Body:  Headers: {"X-Authorization"=>"Access_Token access_token=c5b8742f-c459-4fc2-91a1-7ee542acb214|da3e64c4-05d1-44d6-bcf7-cac945f2fd6d|38619307|2015-12-25T17%3a55%3a05|818b1a2ff9f3041abf902baf564d65ef"}
D, [2015-12-25T23:55:14.707521 #46315] DEBUG -- : Generating new OAuth2 headers.
D, [2015-12-25T23:55:15.587541 #46315] DEBUG -- : REQUEST - Method: GET URL: https://api.learningstudio.com/users/38619307 Body:  Headers: {"X-Authorization"=>"Access_Token access_token=c5b8742f-c459-4fc2-91a1-7ee542acb214|da3e64c4-05d1-44d6-bcf7-cac945f2fd6d|38619307|2015-12-25T17%3a55%3a15|23d5293d06006129253172b55f7dc644"}
D, [2015-12-25T23:55:30.003945 #46315] DEBUG -- : Generating new OAuth2 headers.
D, [2015-12-25T23:55:30.944818 #46315] DEBUG -- : REQUEST - Method: GET URL: https://api.learningstudio.com/users/38619307 Body:  Headers: {"X-Authorization"=>"Access_Token access_token=c5b8742f-c459-4fc2-91a1-7ee542acb214|da3e64c4-05d1-44d6-bcf7-cac945f2fd6d|38619307|2015-12-25T17%3a55%3a30|6dd0f8171c384dd0324cd60d2b78be64"}
D, [2015-12-25T23:55:58.539563 #46315] DEBUG -- : Generating new OAuth2 headers.
D, [2015-12-25T23:55:59.773510 #46315] DEBUG -- : REQUEST - Method: GET URL: https://api.learningstudio.com/users/38619307 Body:  Headers: {"X-Authorization"=>"Access_Token access_token=c5b8742f-c459-4fc2-91a1-7ee542acb214|da3e64c4-05d1-44d6-bcf7-cac945f2fd6d|38619307|2015-12-25T17%3a55%3a59|fa11c70244290508a95c12183676caec"}
D, [2015-12-25T23:56:11.568862 #46315] DEBUG -- : Generating new OAuth2 headers.
D, [2015-12-25T23:56:12.729708 #46315] DEBUG -- : REQUEST - Method: GET URL: https://api.learningstudio.com/users/38619307 Body:  Headers: {"X-Authorization"=>"Access_Token access_token=c5b8742f-c459-4fc2-91a1-7ee542acb214|da3e64c4-05d1-44d6-bcf7-cac945f2fd6d|38619307|2015-12-25T17%3a56%3a12|c77a73c44871290979d789c6caf5a966"}
D, [2015-12-25T23:56:26.649221 #46315] DEBUG -- : Generating new OAuth2 headers.
D, [2015-12-25T23:56:40.075922 #46315] DEBUG -- : Generating new OAuth2 headers.
D, [2015-12-25T23:56:41.041894 #46315] DEBUG -- : REQUEST - Method: GET URL: https://api.learningstudio.com/users/38619307 Body:  Headers: {"X-Authorization"=>"Access_Token access_token=c5b8742f-c459-4fc2-91a1-7ee542acb214|da3e64c4-05d1-44d6-bcf7-cac945f2fd6d|38619307|2015-12-25T17%3a56%3a40|617de9a47b1b6ac0e3fb8956935bbb27"}
D, [2015-12-25T23:57:26.959222 #46315] DEBUG -- : Generating new OAuth2 headers.
D, [2015-12-25T23:57:27.896151 #46315] DEBUG -- : REQUEST - Method: GET URL: https://api.learningstudio.com/users/38619307 Body:  Headers: {"X-Authorization"=>"Access_Token access_token=c5b8742f-c459-4fc2-91a1-7ee542acb214|da3e64c4-05d1-44d6-bcf7-cac945f2fd6d|38619307|2015-12-25T17%3a57%3a27|4bf62f6447ff93bf4294258195e85b15"}
D, [2015-12-25T23:58:27.786517 #46315] DEBUG -- : Generating new OAuth2 headers.
D, [2015-12-25T23:58:29.021218 #46315] DEBUG -- : REQUEST - Method: GET URL: https://api.learningstudio.com/users/38619307 Body:  Headers: {"X-Authorization"=>"Access_Token access_token=c5b8742f-c459-4fc2-91a1-7ee542acb214|da3e64c4-05d1-44d6-bcf7-cac945f2fd6d|38619307|2015-12-25T17%3a58%3a28|2d5581ecd850295246f6b28d7c6a85e0"}
D, [2015-12-25T23:58:44.029379 #46315] DEBUG -- : Generating new OAuth2 headers.
D, [2015-12-25T23:58:44.891117 #46315] DEBUG -- : REQUEST - Method: GET URL: https://api.learningstudio.com/users/38619307 Body:  Headers: {"X-Authorization"=>"Access_Token access_token=c5b8742f-c459-4fc2-91a1-7ee542acb214|da3e64c4-05d1-44d6-bcf7-cac945f2fd6d|38619307|2015-12-25T17%3a58%3a44|5d4b96366075146f73eebe8763752015"}
D, [2015-12-25T23:58:53.235144 #46315] DEBUG -- : Generating new OAuth2 headers.
D, [2015-12-25T23:58:54.107977 #46315] DEBUG -- : REQUEST - Method: GET URL: https://api.learningstudio.com/users/38619307 Body:  Headers: {"X-Authorization"=>"Access_Token access_token=c5b8742f-c459-4fc2-91a1-7ee542acb214|da3e64c4-05d1-44d6-bcf7-cac945f2fd6d|38619307|2015-12-25T17%3a58%3a53|d754ce62d6790b61e48a9cd6d98417cb"}
D, [2015-12-25T23:59:22.213706 #46315] DEBUG -- : Generating new OAuth2 headers.
D, [2015-12-25T23:59:23.087211 #46315] DEBUG -- : REQUEST - Method: GET URL: https://api.learningstudio.com/users/38619307 Body:  Headers: {"X-Authorization"=>"Access_Token access_token=c5b8742f-c459-4fc2-91a1-7ee542acb214|da3e64c4-05d1-44d6-bcf7-cac945f2fd6d|38619307|2015-12-25T17%3a59%3a22|269218d3e64f00b9817f23ade2e6150a"}
D, [2015-12-25T23:59:57.280434 #46432] DEBUG -- : Generating new OAuth2 headers.
D, [2015-12-25T23:59:58.331134 #46432] DEBUG -- : REQUEST - Method: GET URL: https://api.learningstudio.com/users/38619307 Body:  Headers: {"X-Authorization"=>"Access_Token access_token=c5b8742f-c459-4fc2-91a1-7ee542acb214|da3e64c4-05d1-44d6-bcf7-cac945f2fd6d|38619307|2015-12-25T17%3a59%3a58|92c0fc997a731a66fb067b026feb28a9"}
D, [2015-12-26T00:00:29.708667 #46432] DEBUG -- : Generating new OAuth2 headers.
D, [2015-12-26T00:00:30.571460 #46432] DEBUG -- : REQUEST - Method: GET URL: https://api.learningstudio.com/users/38619307 Body:  Headers: {"X-Authorization"=>"Access_Token access_token=c5b8742f-c459-4fc2-91a1-7ee542acb214|da3e64c4-05d1-44d6-bcf7-cac945f2fd6d|38619307|2015-12-25T18%3a00%3a30|bea26be3353fb9a03bdf68cab480192c"}
D, [2015-12-26T00:00:59.951216 #46432] DEBUG -- : Generating new OAuth2 headers.
D, [2015-12-26T00:01:01.186611 #46432] DEBUG -- : REQUEST - Method: GET URL: https://api.learningstudio.com/users/38619307 Body:  Headers: {"X-Authorization"=>"Access_Token access_token=c5b8742f-c459-4fc2-91a1-7ee542acb214|da3e64c4-05d1-44d6-bcf7-cac945f2fd6d|38619307|2015-12-25T18%3a01%3a00|e0cd5fb45cd9834fb5c3d39354217cb5"}
D, [2015-12-26T00:02:18.368247 #46432] DEBUG -- : Generating new OAuth2 headers.
D, [2015-12-26T00:02:19.318674 #46432] DEBUG -- : REQUEST - Method: GET URL: https://api.learningstudio.com/users/38619307 Body:  Headers: {"X-Authorization"=>"Access_Token access_token=c5b8742f-c459-4fc2-91a1-7ee542acb214|da3e64c4-05d1-44d6-bcf7-cac945f2fd6d|38619307|2015-12-25T18%3a02%3a19|dfeb2225e12d12cf20de993c67b436c5"}
D, [2015-12-26T00:03:13.230603 #46518] DEBUG -- : Generating new OAuth2 headers.
D, [2015-12-26T00:03:14.320010 #46518] DEBUG -- : REQUEST - Method: GET URL: https://api.learningstudio.com/users/38619307 Body:  Headers: {"X-Authorization"=>"Access_Token access_token=c5b8742f-c459-4fc2-91a1-7ee542acb214|da3e64c4-05d1-44d6-bcf7-cac945f2fd6d|38619307|2015-12-25T18%3a03%3a14|b55466a05757e57420aeb8504c8b5d1a"}
D, [2015-12-26T00:03:57.562181 #46518] DEBUG -- : Generating new OAuth2 headers.
D, [2015-12-26T00:03:58.546498 #46518] DEBUG -- : REQUEST - Method: GET URL: https://api.learningstudio.com/users/38619307 Body:  Headers: {"X-Authorization"=>"Access_Token access_token=c5b8742f-c459-4fc2-91a1-7ee542acb214|da3e64c4-05d1-44d6-bcf7-cac945f2fd6d|38619307|2015-12-25T18%3a03%3a58|e161cfb2a95c2b24bf8a416c8519bafa"}
D, [2015-12-26T00:04:40.574147 #46595] DEBUG -- : Generating new OAuth2 headers.
D, [2015-12-26T00:04:41.685702 #46595] DEBUG -- : REQUEST - Method: GET URL: https://api.learningstudio.com/users/38619307 Body:  Headers: {"X-Authorization"=>"Access_Token access_token=c5b8742f-c459-4fc2-91a1-7ee542acb214|da3e64c4-05d1-44d6-bcf7-cac945f2fd6d|38619307|2015-12-25T18%3a04%3a41|3d67f914a2123cb0dc0bb1c2fba7ce2c"}
D, [2015-12-26T00:10:50.388068 #46595] DEBUG -- : Generating new OAuth2 headers.
D, [2015-12-26T00:10:53.665091 #46595] DEBUG -- : REQUEST - Method: GET URL: https://api.learningstudio.com/users/38619307 Body:  Headers: {"X-Authorization"=>"Access_Token access_token=c5b8742f-c459-4fc2-91a1-7ee542acb214|da3e64c4-05d1-44d6-bcf7-cac945f2fd6d|38619307|2015-12-25T18%3a10%3a53|18ba8ac5591a825be174a83128b48ef9"}
D, [2015-12-26T00:13:53.268615 #46595] DEBUG -- : Generating new OAuth2 headers.
D, [2015-12-26T00:13:54.209857 #46595] DEBUG -- : REQUEST - Method: GET URL: https://api.learningstudio.com/users/38619307 Body:  Headers: {"X-Authorization"=>"Access_Token access_token=c5b8742f-c459-4fc2-91a1-7ee542acb214|da3e64c4-05d1-44d6-bcf7-cac945f2fd6d|38619307|2015-12-25T18%3a13%3a53|17827a30c6749e9280e4baee1b509a4c"}
D, [2015-12-26T00:14:40.142434 #46702] DEBUG -- : Generating new OAuth2 headers.
D, [2015-12-26T00:14:42.100479 #46702] DEBUG -- : REQUEST - Method: GET URL: https://api.learningstudio.com/users/38619307 Body:  Headers: {"X-Authorization"=>"Access_Token access_token=c5b8742f-c459-4fc2-91a1-7ee542acb214|da3e64c4-05d1-44d6-bcf7-cac945f2fd6d|38619307|2015-12-25T18%3a14%3a41|d6c7f1e11f59e9a252a04803e54603f1"}
D, [2015-12-26T00:15:05.920274 #46702] DEBUG -- : Generating new OAuth2 headers.
D, [2015-12-26T00:15:07.169283 #46702] DEBUG -- : REQUEST - Method: GET URL: https://api.learningstudio.com/users/38619307 Body:  Headers: {"X-Authorization"=>"Access_Token access_token=c5b8742f-c459-4fc2-91a1-7ee542acb214|da3e64c4-05d1-44d6-bcf7-cac945f2fd6d|38619307|2015-12-25T18%3a15%3a07|ca17c962e4967c1419e5ffafae8c8401"}
D, [2015-12-26T00:15:35.946899 #46702] DEBUG -- : Generating new OAuth2 headers.
D, [2015-12-26T00:15:37.427679 #46702] DEBUG -- : REQUEST - Method: GET URL: https://api.learningstudio.com/users/38619307 Body:  Headers: {"X-Authorization"=>"Access_Token access_token=c5b8742f-c459-4fc2-91a1-7ee542acb214|da3e64c4-05d1-44d6-bcf7-cac945f2fd6d|38619307|2015-12-25T18%3a15%3a37|344ca301a60535c2ed3698014a01b7b6"}
D, [2015-12-26T00:16:36.504931 #46702] DEBUG -- : Generating new OAuth2 headers.
D, [2015-12-26T00:16:38.425659 #46702] DEBUG -- : REQUEST - Method: GET URL: https://api.learningstudio.com/users/38619307 Body:  Headers: {"X-Authorization"=>"Access_Token access_token=c5b8742f-c459-4fc2-91a1-7ee542acb214|da3e64c4-05d1-44d6-bcf7-cac945f2fd6d|38619307|2015-12-25T18%3a16%3a38|abc27948d448139c69e1e3acff505166"}
D, [2015-12-26T00:17:29.104553 #46702] DEBUG -- : Generating new OAuth2 headers.
D, [2015-12-26T00:17:37.738702 #46702] DEBUG -- : REQUEST - Method: GET URL: https://api.learningstudio.com/users/38619307 Body:  Headers: {"X-Authorization"=>"Access_Token access_token=c5b8742f-c459-4fc2-91a1-7ee542acb214|da3e64c4-05d1-44d6-bcf7-cac945f2fd6d|38619307|2015-12-25T18%3a17%3a37|05bd745851bed146ad0630c187585e20"}
D, [2015-12-26T00:17:47.500365 #46702] DEBUG -- : Generating new OAuth2 headers.
D, [2015-12-26T00:17:50.326790 #46702] DEBUG -- : REQUEST - Method: GET URL: https://api.learningstudio.com/users/38619307 Body:  Headers: {"X-Authorization"=>"Access_Token access_token=c5b8742f-c459-4fc2-91a1-7ee542acb214|da3e64c4-05d1-44d6-bcf7-cac945f2fd6d|38619307|2015-12-25T18%3a17%3a50|5a26f2d243a2d30984f22cb69c40e812"}
D, [2015-12-26T00:21:44.143225 #46797] DEBUG -- : Generating new OAuth2 headers.
D, [2015-12-26T00:21:46.069390 #46797] DEBUG -- : REQUEST - Method: GET URL: https://api.learningstudio.com/users/38619307/courses Body:  Headers: {"X-Authorization"=>"Access_Token access_token=c5b8742f-c459-4fc2-91a1-7ee542acb214|da3e64c4-05d1-44d6-bcf7-cac945f2fd6d|38619307|2015-12-25T18%3a21%3a45|ce0b939c2d966339e5cec50d508abe80"}
D, [2015-12-26T00:24:09.628579 #46797] DEBUG -- : Generating new OAuth2 headers.
D, [2015-12-26T00:24:16.803089 #46797] DEBUG -- : REQUEST - Method: GET URL: https://api.learningstudio.com/me/courses Body:  Headers: {"X-Authorization"=>"Access_Token access_token=c5b8742f-c459-4fc2-91a1-7ee542acb214|da3e64c4-05d1-44d6-bcf7-cac945f2fd6d|38619307|2015-12-25T18%3a24%3a16|a779c2989716f1f3087194620152f392"}
D, [2015-12-26T00:27:12.240207 #46797] DEBUG -- : Generating new OAuth2 headers.
D, [2015-12-26T00:27:13.368198 #46797] DEBUG -- : REQUEST - Method: GET URL: https://api.learningstudio.com/me/courses Body:  Headers: {"X-Authorization"=>"Access_Token access_token=c5b8742f-c459-4fc2-91a1-7ee542acb214|da3e64c4-05d1-44d6-bcf7-cac945f2fd6d|38619307|2015-12-25T18%3a27%3a13|f28c7bb6d376e87e9e76c390119cf9dc"}
D, [2015-12-26T00:29:54.834355 #46797] DEBUG -- : Generating new OAuth2 headers.
D, [2015-12-26T00:29:58.819697 #46797] DEBUG -- : REQUEST - Method: GET URL: https://api.learningstudio.com/me/courses Body:  Headers: {"X-Authorization"=>"Access_Token access_token=c5b8742f-c459-4fc2-91a1-7ee542acb214|da3e64c4-05d1-44d6-bcf7-cac945f2fd6d|38619307|2015-12-25T18%3a29%3a58|17c90db319885d1f796e5687fd560db9"}
D, [2015-12-26T00:32:06.774256 #46904] DEBUG -- : Generating new OAuth2 headers.
D, [2015-12-26T00:32:09.720330 #46904] DEBUG -- : REQUEST - Method: GET URL: https://api.learningstudio.com/users/38619307 Body:  Headers: {"X-Authorization"=>"Access_Token access_token=c5b8742f-c459-4fc2-91a1-7ee542acb214|da3e64c4-05d1-44d6-bcf7-cac945f2fd6d|38619307|2015-12-25T18%3a32%3a09|4c76afa2f4ad99b36d7267778bdd93b2"}
D, [2015-12-26T00:32:12.763591 #46904] DEBUG -- : REQUEST - Method: GET URL: https://api.learningstudio.com/me/courses Body:  Headers: {"X-Authorization"=>"Access_Token access_token=c5b8742f-c459-4fc2-91a1-7ee542acb214|da3e64c4-05d1-44d6-bcf7-cac945f2fd6d|38619307|2015-12-25T18%3a32%3a09|4c76afa2f4ad99b36d7267778bdd93b2"}
D, [2015-12-26T00:32:46.498214 #46904] DEBUG -- : Generating new OAuth2 headers.
D, [2015-12-26T00:32:50.138671 #46904] DEBUG -- : REQUEST - Method: GET URL: https://api.learningstudio.com/me/courses Body:  Headers: {"X-Authorization"=>"Access_Token access_token=c5b8742f-c459-4fc2-91a1-7ee542acb214|da3e64c4-05d1-44d6-bcf7-cac945f2fd6d|38619307|2015-12-25T18%3a32%3a50|d8d89d0765c16101f23a9f9f3f08206d"}
D, [2015-12-26T00:33:33.105167 #46904] DEBUG -- : Generating new OAuth2 headers.
D, [2015-12-26T00:33:35.199592 #46904] DEBUG -- : REQUEST - Method: GET URL: https://api.learningstudio.com/users/38619307 Body:  Headers: {"X-Authorization"=>"Access_Token access_token=c5b8742f-c459-4fc2-91a1-7ee542acb214|da3e64c4-05d1-44d6-bcf7-cac945f2fd6d|38619307|2015-12-25T18%3a33%3a35|f7e1771d795ada07ee0dc3129018c1d6"}
D, [2015-12-26T00:33:37.446805 #46904] DEBUG -- : REQUEST - Method: GET URL: https://api.learningstudio.com/me/courses Body:  Headers: {"X-Authorization"=>"Access_Token access_token=c5b8742f-c459-4fc2-91a1-7ee542acb214|da3e64c4-05d1-44d6-bcf7-cac945f2fd6d|38619307|2015-12-25T18%3a33%3a35|f7e1771d795ada07ee0dc3129018c1d6"}
D, [2015-12-26T00:41:38.268524 #47278] DEBUG -- : Generating new OAuth2 headers.
D, [2015-12-26T00:41:39.348031 #47278] DEBUG -- : REQUEST - Method: GET URL: https://api.learningstudio.com/users/38619307 Body:  Headers: {"X-Authorization"=>"Access_Token access_token=c5b8742f-c459-4fc2-91a1-7ee542acb214|da3e64c4-05d1-44d6-bcf7-cac945f2fd6d|38619307|2015-12-25T18%3a41%3a39|d2e14e5e9473b1503883b8f2caf7a9e9"}
D, [2015-12-26T00:41:39.925575 #47278] DEBUG -- : REQUEST - Method: GET URL: https://api.learningstudio.com/me/courses Body:  Headers: {"X-Authorization"=>"Access_Token access_token=c5b8742f-c459-4fc2-91a1-7ee542acb214|da3e64c4-05d1-44d6-bcf7-cac945f2fd6d|38619307|2015-12-25T18%3a41%3a39|d2e14e5e9473b1503883b8f2caf7a9e9"}
D, [2015-12-26T00:41:40.147433 #47278] DEBUG -- : REQUEST - Method: GET URL: https://api.learningstudio.com/courses/12288063/webliographyEntries Body:  Headers: {"X-Authorization"=>"Access_Token access_token=c5b8742f-c459-4fc2-91a1-7ee542acb214|da3e64c4-05d1-44d6-bcf7-cac945f2fd6d|38619307|2015-12-25T18%3a41%3a39|d2e14e5e9473b1503883b8f2caf7a9e9"}
D, [2015-12-26T00:42:02.319194 #47278] DEBUG -- : Generating new OAuth2 headers.
D, [2015-12-26T00:42:03.211982 #47278] DEBUG -- : REQUEST - Method: GET URL: https://api.learningstudio.com/users/38619307 Body:  Headers: {"X-Authorization"=>"Access_Token access_token=c5b8742f-c459-4fc2-91a1-7ee542acb214|da3e64c4-05d1-44d6-bcf7-cac945f2fd6d|38619307|2015-12-25T18%3a42%3a02|07217b090dbeaf5b9a435feb95ddcf12"}
D, [2015-12-26T00:42:03.748614 #47278] DEBUG -- : REQUEST - Method: GET URL: https://api.learningstudio.com/me/courses Body:  Headers: {"X-Authorization"=>"Access_Token access_token=c5b8742f-c459-4fc2-91a1-7ee542acb214|da3e64c4-05d1-44d6-bcf7-cac945f2fd6d|38619307|2015-12-25T18%3a42%3a02|07217b090dbeaf5b9a435feb95ddcf12"}
D, [2015-12-26T00:42:03.958614 #47278] DEBUG -- : REQUEST - Method: GET URL: https://api.learningstudio.com/courses/12288063/webliographyEntries Body:  Headers: {"X-Authorization"=>"Access_Token access_token=c5b8742f-c459-4fc2-91a1-7ee542acb214|da3e64c4-05d1-44d6-bcf7-cac945f2fd6d|38619307|2015-12-25T18%3a42%3a02|07217b090dbeaf5b9a435feb95ddcf12"}
D, [2015-12-26T00:42:18.879409 #47278] DEBUG -- : Generating new OAuth2 headers.
D, [2015-12-26T00:42:19.688552 #47278] DEBUG -- : REQUEST - Method: GET URL: https://api.learningstudio.com/users/38619307 Body:  Headers: {"X-Authorization"=>"Access_Token access_token=c5b8742f-c459-4fc2-91a1-7ee542acb214|da3e64c4-05d1-44d6-bcf7-cac945f2fd6d|38619307|2015-12-25T18%3a42%3a19|8e3e569d0f4e078a1a12e17ee9ffbe39"}
D, [2015-12-26T00:42:20.289376 #47278] DEBUG -- : REQUEST - Method: GET URL: https://api.learningstudio.com/me/courses Body:  Headers: {"X-Authorization"=>"Access_Token access_token=c5b8742f-c459-4fc2-91a1-7ee542acb214|da3e64c4-05d1-44d6-bcf7-cac945f2fd6d|38619307|2015-12-25T18%3a42%3a19|8e3e569d0f4e078a1a12e17ee9ffbe39"}
D, [2015-12-26T00:42:20.516458 #47278] DEBUG -- : REQUEST - Method: GET URL: https://api.learningstudio.com/courses/12288063/webliographyEntries Body:  Headers: {"X-Authorization"=>"Access_Token access_token=c5b8742f-c459-4fc2-91a1-7ee542acb214|da3e64c4-05d1-44d6-bcf7-cac945f2fd6d|38619307|2015-12-25T18%3a42%3a19|8e3e569d0f4e078a1a12e17ee9ffbe39"}
D, [2015-12-26T00:42:38.821742 #47278] DEBUG -- : Generating new OAuth2 headers.
D, [2015-12-26T00:42:39.668530 #47278] DEBUG -- : REQUEST - Method: GET URL: https://api.learningstudio.com/users/38619307 Body:  Headers: {"X-Authorization"=>"Access_Token access_token=c5b8742f-c459-4fc2-91a1-7ee542acb214|da3e64c4-05d1-44d6-bcf7-cac945f2fd6d|38619307|2015-12-25T18%3a42%3a39|95f966ef17db4fa67b5c87faf42970ee"}
D, [2015-12-26T00:42:40.194954 #47278] DEBUG -- : REQUEST - Method: GET URL: https://api.learningstudio.com/me/courses Body:  Headers: {"X-Authorization"=>"Access_Token access_token=c5b8742f-c459-4fc2-91a1-7ee542acb214|da3e64c4-05d1-44d6-bcf7-cac945f2fd6d|38619307|2015-12-25T18%3a42%3a39|95f966ef17db4fa67b5c87faf42970ee"}
D, [2015-12-26T00:42:40.407595 #47278] DEBUG -- : REQUEST - Method: GET URL: https://api.learningstudio.com/courses/12288063/webliographyEntries Body:  Headers: {"X-Authorization"=>"Access_Token access_token=c5b8742f-c459-4fc2-91a1-7ee542acb214|da3e64c4-05d1-44d6-bcf7-cac945f2fd6d|38619307|2015-12-25T18%3a42%3a39|95f966ef17db4fa67b5c87faf42970ee"}
D, [2015-12-26T00:43:38.776456 #47278] DEBUG -- : Generating new OAuth2 headers.
D, [2015-12-26T00:43:39.570405 #47278] DEBUG -- : REQUEST - Method: GET URL: https://api.learningstudio.com/users/38619307 Body:  Headers: {"X-Authorization"=>"Access_Token access_token=c5b8742f-c459-4fc2-91a1-7ee542acb214|da3e64c4-05d1-44d6-bcf7-cac945f2fd6d|38619307|2015-12-25T18%3a43%3a39|3f79f68ffdabf555c40e9de3fb6c86fd"}
D, [2015-12-26T00:43:40.611450 #47278] DEBUG -- : REQUEST - Method: GET URL: https://api.learningstudio.com/me/courses Body:  Headers: {"X-Authorization"=>"Access_Token access_token=c5b8742f-c459-4fc2-91a1-7ee542acb214|da3e64c4-05d1-44d6-bcf7-cac945f2fd6d|38619307|2015-12-25T18%3a43%3a39|3f79f68ffdabf555c40e9de3fb6c86fd"}
D, [2015-12-26T00:43:40.838363 #47278] DEBUG -- : REQUEST - Method: GET URL: https://api.learningstudio.com/courses/12288063/webliographyEntries Body:  Headers: {"X-Authorization"=>"Access_Token access_token=c5b8742f-c459-4fc2-91a1-7ee542acb214|da3e64c4-05d1-44d6-bcf7-cac945f2fd6d|38619307|2015-12-25T18%3a43%3a39|3f79f68ffdabf555c40e9de3fb6c86fd"}
D, [2015-12-26T00:44:15.695990 #47278] DEBUG -- : Generating new OAuth2 headers.
D, [2015-12-26T00:44:16.526830 #47278] DEBUG -- : REQUEST - Method: GET URL: https://api.learningstudio.com/users/38619307 Body:  Headers: {"X-Authorization"=>"Access_Token access_token=c5b8742f-c459-4fc2-91a1-7ee542acb214|da3e64c4-05d1-44d6-bcf7-cac945f2fd6d|38619307|2015-12-25T18%3a44%3a16|077b780d497e600816c2c326100d78a6"}
D, [2015-12-26T00:44:17.099994 #47278] DEBUG -- : REQUEST - Method: GET URL: https://api.learningstudio.com/me/courses Body:  Headers: {"X-Authorization"=>"Access_Token access_token=c5b8742f-c459-4fc2-91a1-7ee542acb214|da3e64c4-05d1-44d6-bcf7-cac945f2fd6d|38619307|2015-12-25T18%3a44%3a16|077b780d497e600816c2c326100d78a6"}
D, [2015-12-26T00:44:17.324401 #47278] DEBUG -- : REQUEST - Method: GET URL: https://api.learningstudio.com/courses/12288063/webliographyEntries Body:  Headers: {"X-Authorization"=>"Access_Token access_token=c5b8742f-c459-4fc2-91a1-7ee542acb214|da3e64c4-05d1-44d6-bcf7-cac945f2fd6d|38619307|2015-12-25T18%3a44%3a16|077b780d497e600816c2c326100d78a6"}
D, [2015-12-26T00:44:37.561677 #47278] DEBUG -- : Generating new OAuth2 headers.
D, [2015-12-26T00:45:36.727057 #47278] DEBUG -- : Generating new OAuth2 headers.
D, [2015-12-26T00:45:37.750277 #47278] DEBUG -- : REQUEST - Method: GET URL: https://api.learningstudio.com/users/38619307 Body:  Headers: {"X-Authorization"=>"Access_Token access_token=c5b8742f-c459-4fc2-91a1-7ee542acb214|da3e64c4-05d1-44d6-bcf7-cac945f2fd6d|38619307|2015-12-25T18%3a45%3a37|89c8ec3440ad9daf7dac25c374cff309"}
D, [2015-12-26T00:45:38.296364 #47278] DEBUG -- : REQUEST - Method: GET URL: https://api.learningstudio.com/me/courses Body:  Headers: {"X-Authorization"=>"Access_Token access_token=c5b8742f-c459-4fc2-91a1-7ee542acb214|da3e64c4-05d1-44d6-bcf7-cac945f2fd6d|38619307|2015-12-25T18%3a45%3a37|89c8ec3440ad9daf7dac25c374cff309"}
D, [2015-12-26T00:45:38.509926 #47278] DEBUG -- : REQUEST - Method: GET URL: https://api.learningstudio.com/courses/12288063/webliographyEntries Body:  Headers: {"X-Authorization"=>"Access_Token access_token=c5b8742f-c459-4fc2-91a1-7ee542acb214|da3e64c4-05d1-44d6-bcf7-cac945f2fd6d|38619307|2015-12-25T18%3a45%3a37|89c8ec3440ad9daf7dac25c374cff309"}
D, [2015-12-26T00:46:07.268531 #47278] DEBUG -- : Generating new OAuth2 headers.
D, [2015-12-26T00:46:08.157818 #47278] DEBUG -- : REQUEST - Method: GET URL: https://api.learningstudio.com/users/38619307 Body:  Headers: {"X-Authorization"=>"Access_Token access_token=c5b8742f-c459-4fc2-91a1-7ee542acb214|da3e64c4-05d1-44d6-bcf7-cac945f2fd6d|38619307|2015-12-25T18%3a46%3a07|d253e6cdf39e27538ec13ac9a49c3a83"}
D, [2015-12-26T00:46:08.731471 #47278] DEBUG -- : REQUEST - Method: GET URL: https://api.learningstudio.com/me/courses Body:  Headers: {"X-Authorization"=>"Access_Token access_token=c5b8742f-c459-4fc2-91a1-7ee542acb214|da3e64c4-05d1-44d6-bcf7-cac945f2fd6d|38619307|2015-12-25T18%3a46%3a07|d253e6cdf39e27538ec13ac9a49c3a83"}
D, [2015-12-26T00:46:08.962032 #47278] DEBUG -- : REQUEST - Method: GET URL: https://api.learningstudio.com/courses/12288063/webliographyEntries Body:  Headers: {"X-Authorization"=>"Access_Token access_token=c5b8742f-c459-4fc2-91a1-7ee542acb214|da3e64c4-05d1-44d6-bcf7-cac945f2fd6d|38619307|2015-12-25T18%3a46%3a07|d253e6cdf39e27538ec13ac9a49c3a83"}
D, [2015-12-26T00:46:33.114623 #47278] DEBUG -- : Generating new OAuth2 headers.
D, [2015-12-26T00:46:33.947680 #47278] DEBUG -- : REQUEST - Method: GET URL: https://api.learningstudio.com/users/38619307 Body:  Headers: {"X-Authorization"=>"Access_Token access_token=c5b8742f-c459-4fc2-91a1-7ee542acb214|da3e64c4-05d1-44d6-bcf7-cac945f2fd6d|38619307|2015-12-25T18%3a46%3a33|fd3c674f010cd2fe234d2e1cc9e6c0e0"}
D, [2015-12-26T00:46:34.481566 #47278] DEBUG -- : REQUEST - Method: GET URL: https://api.learningstudio.com/me/courses Body:  Headers: {"X-Authorization"=>"Access_Token access_token=c5b8742f-c459-4fc2-91a1-7ee542acb214|da3e64c4-05d1-44d6-bcf7-cac945f2fd6d|38619307|2015-12-25T18%3a46%3a33|fd3c674f010cd2fe234d2e1cc9e6c0e0"}
D, [2015-12-26T00:46:34.698796 #47278] DEBUG -- : REQUEST - Method: GET URL: https://api.learningstudio.com/courses/12288063/webliographyEntries Body:  Headers: {"X-Authorization"=>"Access_Token access_token=c5b8742f-c459-4fc2-91a1-7ee542acb214|da3e64c4-05d1-44d6-bcf7-cac945f2fd6d|38619307|2015-12-25T18%3a46%3a33|fd3c674f010cd2fe234d2e1cc9e6c0e0"}
D, [2015-12-26T00:46:49.308502 #47278] DEBUG -- : Generating new OAuth2 headers.
D, [2015-12-26T00:46:50.851872 #47278] DEBUG -- : REQUEST - Method: GET URL: https://api.learningstudio.com/users/38619307 Body:  Headers: {"X-Authorization"=>"Access_Token access_token=c5b8742f-c459-4fc2-91a1-7ee542acb214|da3e64c4-05d1-44d6-bcf7-cac945f2fd6d|38619307|2015-12-25T18%3a46%3a50|30532bdea6b3197d5693e6275c06c697"}
D, [2015-12-26T00:46:51.411708 #47278] DEBUG -- : REQUEST - Method: GET URL: https://api.learningstudio.com/me/courses Body:  Headers: {"X-Authorization"=>"Access_Token access_token=c5b8742f-c459-4fc2-91a1-7ee542acb214|da3e64c4-05d1-44d6-bcf7-cac945f2fd6d|38619307|2015-12-25T18%3a46%3a50|30532bdea6b3197d5693e6275c06c697"}
D, [2015-12-26T00:46:51.625799 #47278] DEBUG -- : REQUEST - Method: GET URL: https://api.learningstudio.com/courses/12288063/webliographyEntries Body:  Headers: {"X-Authorization"=>"Access_Token access_token=c5b8742f-c459-4fc2-91a1-7ee542acb214|da3e64c4-05d1-44d6-bcf7-cac945f2fd6d|38619307|2015-12-25T18%3a46%3a50|30532bdea6b3197d5693e6275c06c697"}
D, [2015-12-26T00:47:23.225790 #47278] DEBUG -- : Generating new OAuth2 headers.
D, [2015-12-26T00:47:24.124775 #47278] DEBUG -- : REQUEST - Method: GET URL: https://api.learningstudio.com/users/38619307 Body:  Headers: {"X-Authorization"=>"Access_Token access_token=c5b8742f-c459-4fc2-91a1-7ee542acb214|da3e64c4-05d1-44d6-bcf7-cac945f2fd6d|38619307|2015-12-25T18%3a47%3a23|24e2104ce96b60de027407b335019a40"}
D, [2015-12-26T00:47:24.725556 #47278] DEBUG -- : REQUEST - Method: GET URL: https://api.learningstudio.com/me/courses Body:  Headers: {"X-Authorization"=>"Access_Token access_token=c5b8742f-c459-4fc2-91a1-7ee542acb214|da3e64c4-05d1-44d6-bcf7-cac945f2fd6d|38619307|2015-12-25T18%3a47%3a23|24e2104ce96b60de027407b335019a40"}
D, [2015-12-26T00:47:24.942565 #47278] DEBUG -- : REQUEST - Method: GET URL: https://api.learningstudio.com/courses/12288063/webliographyEntries Body:  Headers: {"X-Authorization"=>"Access_Token access_token=c5b8742f-c459-4fc2-91a1-7ee542acb214|da3e64c4-05d1-44d6-bcf7-cac945f2fd6d|38619307|2015-12-25T18%3a47%3a23|24e2104ce96b60de027407b335019a40"}
D, [2015-12-26T00:48:10.135770 #47278] DEBUG -- : Generating new OAuth2 headers.
D, [2015-12-26T00:48:11.024686 #47278] DEBUG -- : REQUEST - Method: GET URL: https://api.learningstudio.com/users/38619307 Body:  Headers: {"X-Authorization"=>"Access_Token access_token=c5b8742f-c459-4fc2-91a1-7ee542acb214|da3e64c4-05d1-44d6-bcf7-cac945f2fd6d|38619307|2015-12-25T18%3a48%3a10|a02ecb00d6f30732155fd85ec4ad5b24"}
D, [2015-12-26T00:48:11.562880 #47278] DEBUG -- : REQUEST - Method: GET URL: https://api.learningstudio.com/me/courses Body:  Headers: {"X-Authorization"=>"Access_Token access_token=c5b8742f-c459-4fc2-91a1-7ee542acb214|da3e64c4-05d1-44d6-bcf7-cac945f2fd6d|38619307|2015-12-25T18%3a48%3a10|a02ecb00d6f30732155fd85ec4ad5b24"}
D, [2015-12-26T00:48:11.782368 #47278] DEBUG -- : REQUEST - Method: GET URL: https://api.learningstudio.com/courses/12288063/webliographyEntries Body:  Headers: {"X-Authorization"=>"Access_Token access_token=c5b8742f-c459-4fc2-91a1-7ee542acb214|da3e64c4-05d1-44d6-bcf7-cac945f2fd6d|38619307|2015-12-25T18%3a48%3a10|a02ecb00d6f30732155fd85ec4ad5b24"}
D, [2015-12-26T00:48:32.906015 #47278] DEBUG -- : Generating new OAuth2 headers.
D, [2015-12-26T00:48:33.772746 #47278] DEBUG -- : REQUEST - Method: GET URL: https://api.learningstudio.com/users/38619307 Body:  Headers: {"X-Authorization"=>"Access_Token access_token=c5b8742f-c459-4fc2-91a1-7ee542acb214|da3e64c4-05d1-44d6-bcf7-cac945f2fd6d|38619307|2015-12-25T18%3a48%3a33|38fc68240cc08791f75db114867994e5"}
D, [2015-12-26T00:48:34.312507 #47278] DEBUG -- : REQUEST - Method: GET URL: https://api.learningstudio.com/me/courses Body:  Headers: {"X-Authorization"=>"Access_Token access_token=c5b8742f-c459-4fc2-91a1-7ee542acb214|da3e64c4-05d1-44d6-bcf7-cac945f2fd6d|38619307|2015-12-25T18%3a48%3a33|38fc68240cc08791f75db114867994e5"}
D, [2015-12-26T00:48:34.527433 #47278] DEBUG -- : REQUEST - Method: GET URL: https://api.learningstudio.com/courses/12288063/webliographyEntries Body:  Headers: {"X-Authorization"=>"Access_Token access_token=c5b8742f-c459-4fc2-91a1-7ee542acb214|da3e64c4-05d1-44d6-bcf7-cac945f2fd6d|38619307|2015-12-25T18%3a48%3a33|38fc68240cc08791f75db114867994e5"}
D, [2015-12-26T00:48:42.118618 #47278] DEBUG -- : Generating new OAuth2 headers.
D, [2015-12-26T00:48:42.972630 #47278] DEBUG -- : REQUEST - Method: GET URL: https://api.learningstudio.com/users/38619307 Body:  Headers: {"X-Authorization"=>"Access_Token access_token=c5b8742f-c459-4fc2-91a1-7ee542acb214|da3e64c4-05d1-44d6-bcf7-cac945f2fd6d|38619307|2015-12-25T18%3a48%3a42|56db5e7a356adb6de17d094f9d1784a4"}
D, [2015-12-26T00:48:43.575400 #47278] DEBUG -- : REQUEST - Method: GET URL: https://api.learningstudio.com/me/courses Body:  Headers: {"X-Authorization"=>"Access_Token access_token=c5b8742f-c459-4fc2-91a1-7ee542acb214|da3e64c4-05d1-44d6-bcf7-cac945f2fd6d|38619307|2015-12-25T18%3a48%3a42|56db5e7a356adb6de17d094f9d1784a4"}
D, [2015-12-26T00:48:43.800854 #47278] DEBUG -- : REQUEST - Method: GET URL: https://api.learningstudio.com/courses/12288063/webliographyEntries Body:  Headers: {"X-Authorization"=>"Access_Token access_token=c5b8742f-c459-4fc2-91a1-7ee542acb214|da3e64c4-05d1-44d6-bcf7-cac945f2fd6d|38619307|2015-12-25T18%3a48%3a42|56db5e7a356adb6de17d094f9d1784a4"}
D, [2015-12-26T00:48:57.871201 #47278] DEBUG -- : Generating new OAuth2 headers.
D, [2015-12-26T00:48:58.741668 #47278] DEBUG -- : REQUEST - Method: GET URL: https://api.learningstudio.com/users/38619307 Body:  Headers: {"X-Authorization"=>"Access_Token access_token=c5b8742f-c459-4fc2-91a1-7ee542acb214|da3e64c4-05d1-44d6-bcf7-cac945f2fd6d|38619307|2015-12-25T18%3a48%3a58|d00925361ddcec1f95f52adf1068aaf3"}
D, [2015-12-26T00:48:59.285406 #47278] DEBUG -- : REQUEST - Method: GET URL: https://api.learningstudio.com/me/courses Body:  Headers: {"X-Authorization"=>"Access_Token access_token=c5b8742f-c459-4fc2-91a1-7ee542acb214|da3e64c4-05d1-44d6-bcf7-cac945f2fd6d|38619307|2015-12-25T18%3a48%3a58|d00925361ddcec1f95f52adf1068aaf3"}
D, [2015-12-26T00:48:59.502827 #47278] DEBUG -- : REQUEST - Method: GET URL: https://api.learningstudio.com/courses/12288063/webliographyEntries Body:  Headers: {"X-Authorization"=>"Access_Token access_token=c5b8742f-c459-4fc2-91a1-7ee542acb214|da3e64c4-05d1-44d6-bcf7-cac945f2fd6d|38619307|2015-12-25T18%3a48%3a58|d00925361ddcec1f95f52adf1068aaf3"}
D, [2015-12-26T00:49:12.595874 #47278] DEBUG -- : Generating new OAuth2 headers.
D, [2015-12-26T00:49:14.316596 #47278] DEBUG -- : REQUEST - Method: GET URL: https://api.learningstudio.com/users/38619307 Body:  Headers: {"X-Authorization"=>"Access_Token access_token=c5b8742f-c459-4fc2-91a1-7ee542acb214|da3e64c4-05d1-44d6-bcf7-cac945f2fd6d|38619307|2015-12-25T18%3a49%3a14|11a2bc1ff4bebb129176ea7076b40d0d"}
D, [2015-12-26T00:49:14.844920 #47278] DEBUG -- : REQUEST - Method: GET URL: https://api.learningstudio.com/me/courses Body:  Headers: {"X-Authorization"=>"Access_Token access_token=c5b8742f-c459-4fc2-91a1-7ee542acb214|da3e64c4-05d1-44d6-bcf7-cac945f2fd6d|38619307|2015-12-25T18%3a49%3a14|11a2bc1ff4bebb129176ea7076b40d0d"}
D, [2015-12-26T00:49:15.056248 #47278] DEBUG -- : REQUEST - Method: GET URL: https://api.learningstudio.com/courses/12288063/webliographyEntries Body:  Headers: {"X-Authorization"=>"Access_Token access_token=c5b8742f-c459-4fc2-91a1-7ee542acb214|da3e64c4-05d1-44d6-bcf7-cac945f2fd6d|38619307|2015-12-25T18%3a49%3a14|11a2bc1ff4bebb129176ea7076b40d0d"}
D, [2015-12-26T00:49:36.173629 #47278] DEBUG -- : Generating new OAuth2 headers.
D, [2015-12-26T00:49:37.040423 #47278] DEBUG -- : REQUEST - Method: GET URL: https://api.learningstudio.com/users/38619307 Body:  Headers: {"X-Authorization"=>"Access_Token access_token=c5b8742f-c459-4fc2-91a1-7ee542acb214|da3e64c4-05d1-44d6-bcf7-cac945f2fd6d|38619307|2015-12-25T18%3a49%3a36|1801370260046f33c9e655945f275710"}
D, [2015-12-26T00:49:37.578111 #47278] DEBUG -- : REQUEST - Method: GET URL: https://api.learningstudio.com/me/courses Body:  Headers: {"X-Authorization"=>"Access_Token access_token=c5b8742f-c459-4fc2-91a1-7ee542acb214|da3e64c4-05d1-44d6-bcf7-cac945f2fd6d|38619307|2015-12-25T18%3a49%3a36|1801370260046f33c9e655945f275710"}
D, [2015-12-26T00:49:37.788647 #47278] DEBUG -- : REQUEST - Method: GET URL: https://api.learningstudio.com/courses/12288063/webliographyEntries Body:  Headers: {"X-Authorization"=>"Access_Token access_token=c5b8742f-c459-4fc2-91a1-7ee542acb214|da3e64c4-05d1-44d6-bcf7-cac945f2fd6d|38619307|2015-12-25T18%3a49%3a36|1801370260046f33c9e655945f275710"}
D, [2015-12-26T00:49:55.867455 #47278] DEBUG -- : Generating new OAuth2 headers.
D, [2015-12-26T00:50:18.308762 #47278] DEBUG -- : Generating new OAuth2 headers.
D, [2015-12-26T00:50:19.645518 #47278] DEBUG -- : REQUEST - Method: GET URL: https://api.learningstudio.com/users/38619307 Body:  Headers: {"X-Authorization"=>"Access_Token access_token=c5b8742f-c459-4fc2-91a1-7ee542acb214|da3e64c4-05d1-44d6-bcf7-cac945f2fd6d|38619307|2015-12-25T18%3a50%3a19|4fe5c51c6a46d2b0b239118207a88714"}
D, [2015-12-26T00:50:20.220282 #47278] DEBUG -- : REQUEST - Method: GET URL: https://api.learningstudio.com/me/courses Body:  Headers: {"X-Authorization"=>"Access_Token access_token=c5b8742f-c459-4fc2-91a1-7ee542acb214|da3e64c4-05d1-44d6-bcf7-cac945f2fd6d|38619307|2015-12-25T18%3a50%3a19|4fe5c51c6a46d2b0b239118207a88714"}
D, [2015-12-26T00:50:20.442346 #47278] DEBUG -- : REQUEST - Method: GET URL: https://api.learningstudio.com/courses/12288063/webliographyEntries Body:  Headers: {"X-Authorization"=>"Access_Token access_token=c5b8742f-c459-4fc2-91a1-7ee542acb214|da3e64c4-05d1-44d6-bcf7-cac945f2fd6d|38619307|2015-12-25T18%3a50%3a19|4fe5c51c6a46d2b0b239118207a88714"}
D, [2015-12-26T00:51:09.331939 #47278] DEBUG -- : Generating new OAuth2 headers.
D, [2015-12-26T00:51:10.229702 #47278] DEBUG -- : REQUEST - Method: GET URL: https://api.learningstudio.com/users/38619307 Body:  Headers: {"X-Authorization"=>"Access_Token access_token=c5b8742f-c459-4fc2-91a1-7ee542acb214|da3e64c4-05d1-44d6-bcf7-cac945f2fd6d|38619307|2015-12-25T18%3a51%3a09|6533c18c477c4686bf3249236681c0c4"}
D, [2015-12-26T00:51:10.768635 #47278] DEBUG -- : REQUEST - Method: GET URL: https://api.learningstudio.com/me/courses Body:  Headers: {"X-Authorization"=>"Access_Token access_token=c5b8742f-c459-4fc2-91a1-7ee542acb214|da3e64c4-05d1-44d6-bcf7-cac945f2fd6d|38619307|2015-12-25T18%3a51%3a09|6533c18c477c4686bf3249236681c0c4"}
D, [2015-12-26T00:51:10.986746 #47278] DEBUG -- : REQUEST - Method: GET URL: https://api.learningstudio.com/courses/12288063/webliographyEntries Body:  Headers: {"X-Authorization"=>"Access_Token access_token=c5b8742f-c459-4fc2-91a1-7ee542acb214|da3e64c4-05d1-44d6-bcf7-cac945f2fd6d|38619307|2015-12-25T18%3a51%3a09|6533c18c477c4686bf3249236681c0c4"}
D, [2015-12-26T00:52:07.297218 #47278] DEBUG -- : Generating new OAuth2 headers.
D, [2015-12-26T00:52:08.284394 #47278] DEBUG -- : REQUEST - Method: GET URL: https://api.learningstudio.com/users/38619307 Body:  Headers: {"X-Authorization"=>"Access_Token access_token=c5b8742f-c459-4fc2-91a1-7ee542acb214|da3e64c4-05d1-44d6-bcf7-cac945f2fd6d|38619307|2015-12-25T18%3a52%3a08|991de793a0a6173648109cf37096cd23"}
D, [2015-12-26T00:52:08.830615 #47278] DEBUG -- : REQUEST - Method: GET URL: https://api.learningstudio.com/me/courses Body:  Headers: {"X-Authorization"=>"Access_Token access_token=c5b8742f-c459-4fc2-91a1-7ee542acb214|da3e64c4-05d1-44d6-bcf7-cac945f2fd6d|38619307|2015-12-25T18%3a52%3a08|991de793a0a6173648109cf37096cd23"}
D, [2015-12-26T00:52:09.046950 #47278] DEBUG -- : REQUEST - Method: GET URL: https://api.learningstudio.com/courses/12288063/webliographyEntries Body:  Headers: {"X-Authorization"=>"Access_Token access_token=c5b8742f-c459-4fc2-91a1-7ee542acb214|da3e64c4-05d1-44d6-bcf7-cac945f2fd6d|38619307|2015-12-25T18%3a52%3a08|991de793a0a6173648109cf37096cd23"}
D, [2015-12-26T00:52:32.603112 #47278] DEBUG -- : Generating new OAuth2 headers.
D, [2015-12-26T00:52:33.479002 #47278] DEBUG -- : REQUEST - Method: GET URL: https://api.learningstudio.com/users/38619307 Body:  Headers: {"X-Authorization"=>"Access_Token access_token=c5b8742f-c459-4fc2-91a1-7ee542acb214|da3e64c4-05d1-44d6-bcf7-cac945f2fd6d|38619307|2015-12-25T18%3a52%3a33|4e12a3b9a27f98cad8b3bcf7beb8b624"}
D, [2015-12-26T00:52:34.043751 #47278] DEBUG -- : REQUEST - Method: GET URL: https://api.learningstudio.com/me/courses Body:  Headers: {"X-Authorization"=>"Access_Token access_token=c5b8742f-c459-4fc2-91a1-7ee542acb214|da3e64c4-05d1-44d6-bcf7-cac945f2fd6d|38619307|2015-12-25T18%3a52%3a33|4e12a3b9a27f98cad8b3bcf7beb8b624"}
D, [2015-12-26T00:52:34.261466 #47278] DEBUG -- : REQUEST - Method: GET URL: https://api.learningstudio.com/courses/12288063/webliographyEntries Body:  Headers: {"X-Authorization"=>"Access_Token access_token=c5b8742f-c459-4fc2-91a1-7ee542acb214|da3e64c4-05d1-44d6-bcf7-cac945f2fd6d|38619307|2015-12-25T18%3a52%3a33|4e12a3b9a27f98cad8b3bcf7beb8b624"}
D, [2015-12-26T00:52:52.050871 #47278] DEBUG -- : Generating new OAuth2 headers.
D, [2015-12-26T00:52:52.939388 #47278] DEBUG -- : REQUEST - Method: GET URL: https://api.learningstudio.com/users/38619307 Body:  Headers: {"X-Authorization"=>"Access_Token access_token=c5b8742f-c459-4fc2-91a1-7ee542acb214|da3e64c4-05d1-44d6-bcf7-cac945f2fd6d|38619307|2015-12-25T18%3a52%3a52|f5a01621ee8d5ef7a331342dd9b6b7ed"}
D, [2015-12-26T00:52:53.500106 #47278] DEBUG -- : REQUEST - Method: GET URL: https://api.learningstudio.com/me/courses Body:  Headers: {"X-Authorization"=>"Access_Token access_token=c5b8742f-c459-4fc2-91a1-7ee542acb214|da3e64c4-05d1-44d6-bcf7-cac945f2fd6d|38619307|2015-12-25T18%3a52%3a52|f5a01621ee8d5ef7a331342dd9b6b7ed"}
D, [2015-12-26T00:52:53.722267 #47278] DEBUG -- : REQUEST - Method: GET URL: https://api.learningstudio.com/courses/12288063/webliographyEntries Body:  Headers: {"X-Authorization"=>"Access_Token access_token=c5b8742f-c459-4fc2-91a1-7ee542acb214|da3e64c4-05d1-44d6-bcf7-cac945f2fd6d|38619307|2015-12-25T18%3a52%3a52|f5a01621ee8d5ef7a331342dd9b6b7ed"}
D, [2015-12-26T00:53:05.141115 #47278] DEBUG -- : Generating new OAuth2 headers.
D, [2015-12-26T00:53:05.943165 #47278] DEBUG -- : REQUEST - Method: GET URL: https://api.learningstudio.com/users/38619307 Body:  Headers: {"X-Authorization"=>"Access_Token access_token=c5b8742f-c459-4fc2-91a1-7ee542acb214|da3e64c4-05d1-44d6-bcf7-cac945f2fd6d|38619307|2015-12-25T18%3a53%3a05|5da7fd5ac4ba04369b19fe874f415739"}
D, [2015-12-26T00:53:06.510501 #47278] DEBUG -- : REQUEST - Method: GET URL: https://api.learningstudio.com/me/courses Body:  Headers: {"X-Authorization"=>"Access_Token access_token=c5b8742f-c459-4fc2-91a1-7ee542acb214|da3e64c4-05d1-44d6-bcf7-cac945f2fd6d|38619307|2015-12-25T18%3a53%3a05|5da7fd5ac4ba04369b19fe874f415739"}
D, [2015-12-26T00:53:06.728502 #47278] DEBUG -- : REQUEST - Method: GET URL: https://api.learningstudio.com/courses/12288063/webliographyEntries Body:  Headers: {"X-Authorization"=>"Access_Token access_token=c5b8742f-c459-4fc2-91a1-7ee542acb214|da3e64c4-05d1-44d6-bcf7-cac945f2fd6d|38619307|2015-12-25T18%3a53%3a05|5da7fd5ac4ba04369b19fe874f415739"}
D, [2015-12-26T00:53:14.960453 #47278] DEBUG -- : Generating new OAuth2 headers.
D, [2015-12-26T00:53:16.695239 #47278] DEBUG -- : REQUEST - Method: GET URL: https://api.learningstudio.com/users/38619307 Body:  Headers: {"X-Authorization"=>"Access_Token access_token=c5b8742f-c459-4fc2-91a1-7ee542acb214|da3e64c4-05d1-44d6-bcf7-cac945f2fd6d|38619307|2015-12-25T18%3a53%3a16|4eac6bd7b69ea749acd43f07c4331bca"}
D, [2015-12-26T00:53:17.236821 #47278] DEBUG -- : REQUEST - Method: GET URL: https://api.learningstudio.com/me/courses Body:  Headers: {"X-Authorization"=>"Access_Token access_token=c5b8742f-c459-4fc2-91a1-7ee542acb214|da3e64c4-05d1-44d6-bcf7-cac945f2fd6d|38619307|2015-12-25T18%3a53%3a16|4eac6bd7b69ea749acd43f07c4331bca"}
D, [2015-12-26T00:53:17.455909 #47278] DEBUG -- : REQUEST - Method: GET URL: https://api.learningstudio.com/courses/12288063/webliographyEntries Body:  Headers: {"X-Authorization"=>"Access_Token access_token=c5b8742f-c459-4fc2-91a1-7ee542acb214|da3e64c4-05d1-44d6-bcf7-cac945f2fd6d|38619307|2015-12-25T18%3a53%3a16|4eac6bd7b69ea749acd43f07c4331bca"}
